#
# There is insufficient memory for the Java Runtime Environment to continue.
# Native memory allocation (mmap) failed to map 268435456 bytes for G1 virtual space
# Possible reasons:
#   The system is out of physical RAM or swap space
#   The process is running with CompressedOops enabled, and the Java Heap may be blocking the growth of the native heap
# Possible solutions:
#   Reduce memory load on the system
#   Increase physical memory or swap space
#   Check if swap backing store is full
#   Decrease Java heap size (-Xmx/-Xms)
#   Decrease number of Java threads
#   Decrease Java thread stack sizes (-Xss)
#   Set larger code cache with -XX:ReservedCodeCacheSize=
#   JVM is running with Zero Based Compressed Oops mode in which the Java heap is
#     placed in the first 32GB address space. The Java Heap base address is the
#     maximum limit for the native heap growth. Please use -XX:HeapBaseMinAddress
#     to set the Java Heap base and to place the Java Heap above 32GB virtual address.
# This output file may be truncated or incomplete.
#
#  Out of Memory Error (./open/src/hotspot/os/windows/os_windows.cpp:3472), pid=4332, tid=12276
#
# JRE version:  (15.0.1+9) (build )
# Java VM: OpenJDK 64-Bit Server VM (15.0.1+9-18, mixed mode, sharing, tiered, compressed oops, g1 gc, windows-amd64)
# No core dump will be written. Minidumps are not enabled by default on client versions of Windows
#

---------------  S U M M A R Y ------------

Command Line: -javaagent:C:\Program Files\JetBrains\IntelliJ IDEA Community Edition 2020.1.3\lib\idea_rt.jar=50177:C:\Program Files\JetBrains\IntelliJ IDEA Community Edition 2020.1.3\bin -Dfile.encoding=UTF-8 com.company.Main

Host: AMD Ryzen 5 3600 6-Core Processor              , 12 cores, 15G,  Windows 10 , 64 bit Build 18362 (10.0.18362.1110)
Time: Mon Dec 28 20:32:21 2020 RTZ 2 (ceia) elapsed time: 0.011841 seconds (0d 0h 0m 0s)

---------------  T H R E A D  ---------------

Current thread (0x000001f4a6c738d0):  JavaThread "Unknown thread" [_thread_in_vm, id=12276, stack(0x0000007acd700000,0x0000007acd800000)]

Stack: [0x0000007acd700000,0x0000007acd800000]
Native frames: (J=compiled Java code, j=interpreted, Vv=VM code, C=native code)
V  [jvm.dll+0x62ae9a]
V  [jvm.dll+0x781389]
V  [jvm.dll+0x782ae3]
V  [jvm.dll+0x783143]
V  [jvm.dll+0x216265]
V  [jvm.dll+0x6281d9]
V  [jvm.dll+0x61cd15]
V  [jvm.dll+0x2d01fd]
V  [jvm.dll+0x2d0062]
V  [jvm.dll+0x2d603c]
V  [jvm.dll+0x325b2a]
V  [jvm.dll+0x3251f4]
V  [jvm.dll+0x2a717a]
V  [jvm.dll+0x2a8318]
V  [jvm.dll+0x75e101]
V  [jvm.dll+0x3343e4]
V  [jvm.dll+0x73e826]
V  [jvm.dll+0x3b7777]
V  [jvm.dll+0x3b9201]
C  [jli.dll+0x52fb]
C  [ucrtbase.dll+0x210b2]
C  [KERNEL32.DLL+0x17c24]
C  [ntdll.dll+0x6d4d1]


---------------  P R O C E S S  ---------------

Threads class SMR info:
_java_thread_list=0x00007ffd71404ff0, length=0, elements={
}

Java Threads: ( => current thread )

Other Threads:
  0x000001f4a6cc3360 GCTaskThread "GC Thread#0" [stack: 0x0000007acd800000,0x0000007acd900000] [id=13496]
  0x000001f4a6cd5400 ConcurrentGCThread "G1 Main Marker" [stack: 0x0000007acd900000,0x0000007acda00000] [id=15160]
  0x000001f4a6cd6790 ConcurrentGCThread "G1 Conc#0" [stack: 0x0000007acda00000,0x0000007acdb00000] [id=19104]

[error occurred during error reporting (printing all threads), id 0xc0000005, EXCEPTION_ACCESS_VIOLATION (0xc0000005) at pc=0x00007ffd70bf8047]

VM state: not at safepoint (not fully initialized)

VM Mutex/Monitor currently owned by a thread:  ([mutex/lock_event])
[0x000001f4a6c6d950] Heap_lock - owner thread: 0x000001f4a6c738d0

Heap address: 0x0000000700c00000, size: 4084 MB, Compressed Oops mode: Zero based, Oop shift amount: 3
CDS archive(s) mapped at: [0x0000000000000000-0x0000000000000000-0x0000000000000000), size 0, SharedBaseAddress: 0x0000000800000000, ArchiveRelocationMode: 0.
Narrow klass base: 0x0000000000000000, Narrow klass shift: 0, Narrow klass range: 0x0

Heap:
 garbage-first heap   total 262144K, used 0K [0x0000000700c00000, 0x0000000800000000)
  region size 2048K, 0 young (0K), 0 survivors (0K)
 Metaspace       used 0K, capacity 0K, committed 0K, reserved 0K
  class space    used 0K, capacity 0K, committed 0K, reserved 0K

Heap Regions: E=young(eden), S=young(survivor), O=old, HS=humongous(starts), HC=humongous(continues), CS=collection set, F=free, OA=open archive, CA=closed archive, TAMS=top-at-mark-start (previous, next)

Card table byte_map: [0x000001f4c0b30000,0x000001f4c1330000] _byte_map_base: 0x000001f4bd32a000

Marking Bits (Prev, Next): (CMBitMap*) 0x000001f4a6cc4b60, (CMBitMap*) 0x000001f4a6cc4ba0
 Prev Bits: [0x000001f4c1b30000, 0x000001f4c5b00000)
 Next Bits: [0x000001f4c5b00000, 0x000001f4c9ad0000)

GC Heap History (0 events):
No events

Deoptimization events (0 events):
No events

Classes unloaded (0 events):
No events

Classes redefined (0 events):
No events

Internal exceptions (0 events):
No events

Events (1 events):
Event: 0.008 Loaded shared library C:\Users\pavla\.jdks\openjdk-15.0.1\bin\java.dll


Dynamic libraries:
0x00007ff79c8c0000 - 0x00007ff79c8cd000 	C:\Users\pavla\.jdks\openjdk-15.0.1\bin\java.exe
0x00007ffde6520000 - 0x00007ffde6710000 	C:\Windows\SYSTEM32\ntdll.dll
0x00007ffde45d0000 - 0x00007ffde4682000 	C:\Windows\System32\KERNEL32.DLL
0x00007ffde4150000 - 0x00007ffde43f5000 	C:\Windows\System32\KERNELBASE.dll
0x00007ffde4430000 - 0x00007ffde452a000 	C:\Windows\System32\ucrtbase.dll
0x00007ffdd5820000 - 0x00007ffdd5839000 	C:\Users\pavla\.jdks\openjdk-15.0.1\bin\VCRUNTIME140.dll
0x00007ffdcf870000 - 0x00007ffdcf888000 	C:\Users\pavla\.jdks\openjdk-15.0.1\bin\jli.dll
0x00007ffde5240000 - 0x00007ffde53d4000 	C:\Windows\System32\USER32.dll
0x00007ffde35a0000 - 0x00007ffde35c1000 	C:\Windows\System32\win32u.dll
0x00007ffdd15c0000 - 0x00007ffdd1844000 	C:\Windows\WinSxS\amd64_microsoft.windows.common-controls_6595b64144ccf1df_6.0.18362.1256_none_9e7e379be45e40e2\COMCTL32.dll
0x00007ffde63d0000 - 0x00007ffde63f6000 	C:\Windows\System32\GDI32.dll
0x00007ffde51a0000 - 0x00007ffde523e000 	C:\Windows\System32\msvcrt.dll
0x00007ffde3fb0000 - 0x00007ffde4146000 	C:\Windows\System32\gdi32full.dll
0x00007ffde46f0000 - 0x00007ffde4a26000 	C:\Windows\System32\combase.dll
0x00007ffde4530000 - 0x00007ffde45ce000 	C:\Windows\System32\msvcp_win.dll
0x00007ffde6220000 - 0x00007ffde6340000 	C:\Windows\System32\RPCRT4.dll
0x00007ffde3490000 - 0x00007ffde3511000 	C:\Windows\System32\bcryptPrimitives.dll
0x00007ffde53e0000 - 0x00007ffde540e000 	C:\Windows\System32\IMM32.DLL
0x00007ffdd5810000 - 0x00007ffdd581c000 	C:\Users\pavla\.jdks\openjdk-15.0.1\bin\vcruntime140_1.dll
0x00007ffd82590000 - 0x00007ffd82621000 	C:\Users\pavla\.jdks\openjdk-15.0.1\bin\msvcp140.dll
0x00007ffd70940000 - 0x00007ffd7149e000 	C:\Users\pavla\.jdks\openjdk-15.0.1\bin\server\jvm.dll
0x00007ffde5c50000 - 0x00007ffde5cf3000 	C:\Windows\System32\ADVAPI32.dll
0x00007ffde4a30000 - 0x00007ffde4ac7000 	C:\Windows\System32\sechost.dll
0x00007ffde5c40000 - 0x00007ffde5c48000 	C:\Windows\System32\PSAPI.DLL
0x00007ffdcd210000 - 0x00007ffdcd219000 	C:\Windows\SYSTEM32\WSOCK32.dll
0x00007ffde11d0000 - 0x00007ffde11f4000 	C:\Windows\SYSTEM32\WINMM.dll
0x00007ffddd990000 - 0x00007ffddd99a000 	C:\Windows\SYSTEM32\VERSION.dll
0x00007ffde6400000 - 0x00007ffde646f000 	C:\Windows\System32\WS2_32.dll
0x00007ffde11a0000 - 0x00007ffde11cd000 	C:\Windows\SYSTEM32\winmmbase.dll
0x00007ffde35d0000 - 0x00007ffde361a000 	C:\Windows\System32\cfgmgr32.dll
0x00007ffde33d0000 - 0x00007ffde33e1000 	C:\Windows\System32\kernel.appcore.dll
0x00007ffdd4a40000 - 0x00007ffdd4a4a000 	C:\Users\pavla\.jdks\openjdk-15.0.1\bin\jimage.dll
0x00007ffde1d70000 - 0x00007ffde1f64000 	C:\Windows\SYSTEM32\DBGHELP.DLL
0x00007ffdd51d0000 - 0x00007ffdd51fa000 	C:\Windows\SYSTEM32\dbgcore.DLL
0x00007ffdcf910000 - 0x00007ffdcf91e000 	C:\Users\pavla\.jdks\openjdk-15.0.1\bin\instrument.dll
0x00007ffdb4940000 - 0x00007ffdb4965000 	C:\Users\pavla\.jdks\openjdk-15.0.1\bin\java.dll

dbghelp: loaded successfully - version: 4.0.5 - missing functions: none
symbol engine: initialized successfully - sym options: 0x614 - pdb path: .;C:\Users\pavla\.jdks\openjdk-15.0.1\bin;C:\Windows\SYSTEM32;C:\Windows\WinSxS\amd64_microsoft.windows.common-controls_6595b64144ccf1df_6.0.18362.1256_none_9e7e379be45e40e2;C:\Users\pavla\.jdks\openjdk-15.0.1\bin\server

VM Arguments:
jvm_args: -javaagent:C:\Program Files\JetBrains\IntelliJ IDEA Community Edition 2020.1.3\lib\idea_rt.jar=50177:C:\Program Files\JetBrains\IntelliJ IDEA Community Edition 2020.1.3\bin -Dfile.encoding=UTF-8 
java_command: com.company.Main
java_class_path (initial): C:\kikiproj\Programma4\out\production\Programma4
Launcher Type: SUN_STANDARD

[Global flags]
     intx CICompilerCount                          = 4                                         {product} {ergonomic}
     uint ConcGCThreads                            = 3                                         {product} {ergonomic}
     uint G1ConcRefinementThreads                  = 10                                        {product} {ergonomic}
   size_t G1HeapRegionSize                         = 2097152                                   {product} {ergonomic}
    uintx GCDrainStackTargetSize                   = 64                                        {product} {ergonomic}
   size_t InitialHeapSize                          = 268435456                                 {product} {ergonomic}
   size_t MarkStackSize                            = 4194304                                   {product} {ergonomic}
   size_t MaxHeapSize                              = 4282384384                                {product} {ergonomic}
   size_t MinHeapDeltaBytes                        = 2097152                                   {product} {ergonomic}
   size_t MinHeapSize                              = 8388608                                   {product} {ergonomic}
    uintx NonNMethodCodeHeapSize                   = 5839372                                {pd product} {ergonomic}
    uintx NonProfiledCodeHeapSize                  = 122909434                              {pd product} {ergonomic}
    uintx ProfiledCodeHeapSize                     = 122909434                              {pd product} {ergonomic}
    uintx ReservedCodeCacheSize                    = 251658240                              {pd product} {ergonomic}
     bool SegmentedCodeCache                       = true                                      {product} {ergonomic}
   size_t SoftMaxHeapSize                          = 4282384384                             {manageable} {ergonomic}
     bool UseCompressedClassPointers               = true                                 {lp64_product} {ergonomic}
     bool UseCompressedOops                        = true                                 {lp64_product} {ergonomic}
     bool UseG1GC                                  = true                                      {product} {ergonomic}
     bool UseLargePagesIndividualAllocation        = false                                  {pd product} {ergonomic}

Logging:
Log output configuration:
 #0: stdout all=warning uptime,level,tags
 #1: stderr all=off uptime,level,tags

Environment Variables:
JAVA_HOME=C:\Program Files\Java\jdk-14.0.1
PATH=C:\Program Files\Common Files\Oracle\Java\javapath;C:\Program Files (x86)\Common Files\Oracle\Java\javapath;C:\Windows\system32;C:\Windows;C:\Windows\System32\Wbem;C:\Windows\System32\WindowsPowerShell\v1.0\;C:\Windows\System32\OpenSSH\;C:\Program Files\Git\cmd;C:\Libs\maven363\bin;C:\Users\pavla\AppData\Local\Microsoft\WindowsApps;
USERNAME=pavla
OS=Windows_NT
PROCESSOR_IDENTIFIER=AMD64 Family 23 Model 113 Stepping 0, AuthenticAMD



---------------  S Y S T E M  ---------------

OS:
 Windows 10 , 64 bit Build 18362 (10.0.18362.1110)
OS uptime: 0 days 7:17 hours

CPU: total 12 (initial active 12) (12 cores per cpu, 2 threads per core) family 23 model 113 stepping 0 microcode 0x0, cmov, cx8, fxsr, mmx, sse, sse2, sse3, ssse3, sse4.1, sse4.2, popcnt, vzeroupper, avx, avx2, aes, clmul, 3dnowpref, lzcnt, sse4a, ht, tsc, tscinvbit, tscinv, bmi1, bmi2, adx, sha, fma, clflush, clflushopt

Memory: 4k page, system-wide physical 16334M (7594M free)
TotalPageFile size 18382M (AvailPageFile size 152M)
current process WorkingSet (physical memory assigned to process): 10M, peak: 10M
current process commit charge ("private bytes"): 64M, peak: 320M

vm_info: OpenJDK 64-Bit Server VM (15.0.1+9-18) for windows-amd64 JRE (15.0.1+9-18), built on Sep 15 2020 14:39:31 by "mach5one" with unknown MS VC++:1925

END.
